<?xml version="1.0" encoding="UTF-8"?>
<testng-results skipped="0" failed="0" total="1" passed="1">
  <reporter-output>
  </reporter-output>
  <suite name="Default suite" duration-ms="31" started-at="2016-04-12T07:39:38Z" finished-at="2016-04-12T07:39:38Z">
    <groups>
    </groups>
    <test name="Default test" duration-ms="31" started-at="2016-04-12T07:39:38Z" finished-at="2016-04-12T07:39:38Z">
      <class name="tests.SystemTest">
        <test-method status="PASS" signature="setUp()[pri:0, instance:tests.SystemTest@5034c75a]" name="setUp" is-config="true" duration-ms="10" started-at="2016-04-12T00:39:38Z" finished-at="2016-04-12T00:39:38Z">
          <reporter-output>
          </reporter-output>
        </test-method> <!-- setUp -->
        <test-method status="PASS" signature="SystemTesting1()[pri:0, instance:tests.SystemTest@5034c75a]" name="SystemTesting1" duration-ms="5" started-at="2016-04-12T00:39:38Z" finished-at="2016-04-12T00:39:38Z">
          <reporter-output>
          </reporter-output>
        </test-method> <!-- SystemTesting1 -->
        <test-method status="PASS" signature="tearDown()[pri:0, instance:tests.SystemTest@5034c75a]" name="tearDown" is-config="true" duration-ms="0" started-at="2016-04-12T00:39:38Z" finished-at="2016-04-12T00:39:38Z">
          <reporter-output>
          </reporter-output>
        </test-method> <!-- tearDown -->
      </class> <!-- tests.SystemTest -->
    </test> <!-- Default test -->
  </suite> <!-- Default suite -->
</testng-results>
